<?xml version="1.0" encoding="UTF-8"?>
<!-- Generated by org.testng.reporters.JUnitXMLReporter -->
<testsuite ignored="0" hostname="del1-lhp-n82030" failures="0" tests="3" name="Default test" time="22.589" errors="0" timestamp="2022-07-21T09:16:31 IST">
  <testcase classname="OrangeHrms.Login" name="loginSetup" time="5.126"/>
  <testcase classname="OrangeHrms.Login" name="loginSetup" time="4.31"/>
  <testcase classname="OrangeHrms.Login" name="loginSetup" time="4.395"/>
</testsuite> <!-- Default test -->
